Unity Editor version:    2020.3.17f1c1 (1f35b2393d76)
Branch:                  2020.3/china_unity/release
Build type:              Release
Batch mode:              YES
macOS version:           Version 11.2.3 (Build 20D91)
Darwin version:          20.3.0
Architecture:            x86_64
Running under Rosetta:   NO
Available memory:        8192 MB
Using pre-set license
Pro License: NO

COMMAND LINE ARGUMENTS:
/Applications/Unity/Hub/Editor/2020.3.17f1c1/Unity.app/Contents/MacOS/Unity
-adb2
-batchMode
-noUpm
-name
AssetImportWorker0
-projectPath
/Users/zengzhi/Desktop/UQ learn/fourth semster/DECO7381/DECO7381-UnityProject/DECO7381-UnityProject-master
-logFile
Logs/AssetImportWorker0.log
-srvPort
51230
Successfully changed project path to: /Users/zengzhi/Desktop/UQ learn/fourth semster/DECO7381/DECO7381-UnityProject/DECO7381-UnityProject-master
/Users/zengzhi/Desktop/UQ learn/fourth semster/DECO7381/DECO7381-UnityProject/DECO7381-UnityProject-master
Using Asset Import Pipeline V2.
AS: AutoStreaming module initializing.Refreshing native plugins compatible for Editor in 62.34 ms, found 3 plugins.
Preloading 0 native plugins for Editor in 0.00 ms.
Initialize engine version: 2020.3.17f1c1 (1f35b2393d76)
[Subsystems] Discovering subsystems at path /Applications/Unity/Hub/Editor/2020.3.17f1c1/Unity.app/Contents/Resources/UnitySubsystems
[Subsystems] Discovering subsystems at path /Users/zengzhi/Desktop/UQ learn/fourth semster/DECO7381/DECO7381-UnityProject/DECO7381-UnityProject-master/Assets
GfxDevice: creating device client; threaded=0
2021-09-13 22:19:34.044 Unity[3202:67362] Color LCD preferred device: Intel(R) Iris(TM) Plus Graphics 640 (low power)
2021-09-13 22:19:34.044 Unity[3202:67362] Metal devices available: 1
2021-09-13 22:19:34.044 Unity[3202:67362] 0: Intel(R) Iris(TM) Plus Graphics 640 (low power)
2021-09-13 22:19:34.045 Unity[3202:67362] Using device Intel(R) Iris(TM) Plus Graphics 640 (low power)
Initializing Metal device caps: Intel(R) Iris(TM) Plus Graphics 640
Initialize mono
Mono path[0] = '/Applications/Unity/Hub/Editor/2020.3.17f1c1/Unity.app/Contents/Managed'
Mono path[1] = '/Applications/Unity/Hub/Editor/2020.3.17f1c1/Unity.app/Contents/MonoBleedingEdge/lib/mono/unityjit'
Mono config path = '/Applications/Unity/Hub/Editor/2020.3.17f1c1/Unity.app/Contents/MonoBleedingEdge/etc'
Using monoOptions --debugger-agent=transport=dt_socket,embedding=1,server=y,suspend=n,address=127.0.0.1:56202
Begin MonoManager ReloadAssembly
Registering precompiled unity dll's ...
Register platform support module: /Applications/Unity/Hub/Editor/2020.3.17f1c1/Unity.app/Contents/PlaybackEngines/MacStandaloneSupport/UnityEditor.OSXStandalone.Extensions.dll
Registered in 0.002331 seconds.
Native extension for OSXStandalone target not found
Refreshing native plugins compatible for Editor in 53.18 ms, found 3 plugins.
Preloading 0 native plugins for Editor in 0.00 ms.
Mono: successfully reloaded assembly
- Completed reload, in  3.399 seconds
Domain Reload Profiling:
	ReloadAssembly (3400ms)
		BeginReloadAssembly (54ms)
			ExecutionOrderSort (0ms)
			DisableScriptedObjects (0ms)
			BackupInstance (0ms)
			ReleaseScriptingObjects (0ms)
			CreateAndSetChildDomain (1ms)
		EndReloadAssembly (662ms)
			LoadAssemblies (54ms)
			RebuildTransferFunctionScriptingTraits (0ms)
			SetupTypeCache (250ms)
			ReleaseScriptCaches (0ms)
			RebuildScriptCaches (52ms)
			SetupLoadedEditorAssemblies (283ms)
				LogAssemblyErrors (0ms)
				InitializePlatformSupportModulesInManaged (5ms)
				SetLoadedEditorAssemblies (0ms)
				RefreshPlugins (53ms)
				BeforeProcessingInitializeOnLoad (13ms)
				ProcessInitializeOnLoadAttributes (149ms)
				ProcessInitializeOnLoadMethodAttributes (62ms)
				AfterProcessingInitializeOnLoad (0ms)
				EditorAssembliesLoaded (2ms)
			ExecutionOrderSort2 (0ms)
			AwakeInstancesAfterBackupRestoration (0ms)
Platform modules already initialized, skipping
Registering precompiled user dll's ...
Registered in 0.012055 seconds.
Begin MonoManager ReloadAssembly
Native extension for OSXStandalone target not found
Refreshing native plugins compatible for Editor in 99.94 ms, found 3 plugins.
Preloading 0 native plugins for Editor in 0.00 ms.
Mono: successfully reloaded assembly
- Completed reload, in  2.847 seconds
Domain Reload Profiling:
	ReloadAssembly (2851ms)
		BeginReloadAssembly (367ms)
			ExecutionOrderSort (0ms)
			DisableScriptedObjects (12ms)
			BackupInstance (0ms)
			ReleaseScriptingObjects (0ms)
			CreateAndSetChildDomain (76ms)
		EndReloadAssembly (2346ms)
			LoadAssemblies (279ms)
			RebuildTransferFunctionScriptingTraits (0ms)
			SetupTypeCache (910ms)
			ReleaseScriptCaches (1ms)
			RebuildScriptCaches (117ms)
			SetupLoadedEditorAssemblies (771ms)
				LogAssemblyErrors (0ms)
				InitializePlatformSupportModulesInManaged (10ms)
				SetLoadedEditorAssemblies (0ms)
				RefreshPlugins (100ms)
				BeforeProcessingInitializeOnLoad (144ms)
				ProcessInitializeOnLoadAttributes (491ms)
				ProcessInitializeOnLoadMethodAttributes (24ms)
				AfterProcessingInitializeOnLoad (1ms)
				EditorAssembliesLoaded (0ms)
			ExecutionOrderSort2 (0ms)
			AwakeInstancesAfterBackupRestoration (13ms)
Platform modules already initialized, skipping
Validating Project structure ... 0.023564 seconds.

LICENSE SYSTEM [2021913 22:19:42] Next license update check is after 2021-09-14T02:40:51

Shader import version has changed; will reimport all shaders...
Upgrading shader files ...0.044263 seconds.
Application.AssetDatabase Initial Script Refresh Start
RefreshInfo: InitialScriptRefreshV2(NoUpdateAssetOptions) scanfilter:  ... 1 filters
RefreshProfiler: Total: 0.000ms
Application.AssetDatabase Initial Script Refresh End
Application.AssetDatabase.Refresh Start
Application.AssetDatabase.Refresh End
RefreshInfo: StopAssetImportingV2(ForceSynchronousImport) scanfilter: 
RefreshProfiler: Total: 0.000ms
Launching external process: /Applications/Unity/Hub/Editor/2020.3.17f1c1/Unity.app/Contents/Tools/UnityShaderCompiler
Launched and connected shader compiler UnityShaderCompiler after 0.02 seconds
Initializing Unity extensions:
========================================================================
Worker process is ready to serve import requests
Refreshing native plugins compatible for Editor in 0.57 ms, found 3 plugins.
Preloading 0 native plugins for Editor in 0.00 ms.
Unloading 2122 Unused Serialized files (Serialized files now loaded: 0)
System memory in use before: 214.3 MB.
System memory in use after: 214.1 MB.

Unloading 115 unused Assets to reduce memory usage. Loaded Objects now: 2614.
Total: 9.360537 ms (FindLiveObjects: 0.637422 ms CreateObjectMapping: 0.210260 ms MarkObjects: 8.150694 ms  DeleteObjects: 0.360318 ms)

AssetImportParameters requested are different than current active one (requested -> active):
  custom:video-decoder-ogg-theora: a1e56fd34408186e4bbccfd4996cb3dc -> 
  custom:container-muxer-webm: aa71ff27fc2769a1b78a27578f13a17b -> 
  custom:container-demuxer-webm: 4f35f7cbe854078d1ac9338744f61a02 -> 
  custom:container-demuxer-ogg: 62fdf1f143b41e24485cea50d1cbac27 -> 
  custom:video-encoder-webm-vp8: eb34c28f22e8b96e1ab97ce403110664 -> 
  custom:framework-osx-AVFoundation: e770b220cccbd017edd2c1fefb359320 -> 
  custom:video-decoder-webm-vp8: 9c59270c3fd7afecdb556c50c9e8de78 -> 
  custom:audio-decoder-ogg-vorbis: bf7c407c2cedff20999df2af8eb42d56 -> 
  custom:audio-encoder-webm-vorbis: bf7c407c2cedff20999df2af8eb42d56 -> 
========================================================================
Received Import Request.
  path: Assets/Cartoon_Texture_Pack/GRASS/GRASS_Flower/GRASS_Flower_Tint_02/Material
  artifactKey: Guid(788e87861ea6f534980d9f6aa6fba303) Importer(815301076,1909f56bfc062723c751e8b465ee728b)
Start importing Assets/Cartoon_Texture_Pack/GRASS/GRASS_Flower/GRASS_Flower_Tint_02/Material using Guid(788e87861ea6f534980d9f6aa6fba303) Importer(815301076,1909f56bfc062723c751e8b465ee728b)  -> (artifact id: '099408f3f52e3555fc9f9d8103b2ce18') in 0.013001 seconds 
  Import took 0.020368 seconds .

========================================================================
Received Import Request.
  Time since last request: 0.000350 seconds.
  path: Assets/Cartoon_Texture_Pack/GRASS/GRASS_Flower/GRASS_Flower_Tint_02
  artifactKey: Guid(29586fce98ad85b4680ecdadfdb674dd) Importer(815301076,1909f56bfc062723c751e8b465ee728b)
Start importing Assets/Cartoon_Texture_Pack/GRASS/GRASS_Flower/GRASS_Flower_Tint_02 using Guid(29586fce98ad85b4680ecdadfdb674dd) Importer(815301076,1909f56bfc062723c751e8b465ee728b)  -> (artifact id: '2c14ccd446aea74288fcaca289c330ed') in 0.001451 seconds 
  Import took 0.005448 seconds .

========================================================================
Received Import Request.
  Time since last request: 36.280461 seconds.
  path: Assets/Cartoon_Texture_Pack/GRASS/GRASS_Flower/GRASS_Flower_Tint_02/Texture/Grass_Flower_Tint_02_Base_Basecolor.png
  artifactKey: Guid(b6e958058e84ea540a4e6d7946673f53) Importer(815301076,1909f56bfc062723c751e8b465ee728b)
Start importing Assets/Cartoon_Texture_Pack/GRASS/GRASS_Flower/GRASS_Flower_Tint_02/Texture/Grass_Flower_Tint_02_Base_Basecolor.png using Guid(b6e958058e84ea540a4e6d7946673f53) Importer(815301076,1909f56bfc062723c751e8b465ee728b)  -> (artifact id: 'e72583447dd10145f7f9300352642a55') in 1.834368 seconds 
  Import took 1.842055 seconds .

========================================================================
Received Import Request.
  Time since last request: 381.174990 seconds.
  path: Assets/Cartoon_Texture_Pack/GRASS/GRASS_Dense/GRASS_Dense_Tint_01
  artifactKey: Guid(1eca2105b44efc5478cc82a1176c4e58) Importer(815301076,1909f56bfc062723c751e8b465ee728b)
Start importing Assets/Cartoon_Texture_Pack/GRASS/GRASS_Dense/GRASS_Dense_Tint_01 using Guid(1eca2105b44efc5478cc82a1176c4e58) Importer(815301076,1909f56bfc062723c751e8b465ee728b)  -> (artifact id: '316f33fa603aef04597e124f169e0a07') in 0.004544 seconds 
  Import took 0.038092 seconds .

========================================================================
Received Import Request.
  Time since last request: 1.111976 seconds.
  path: Assets/Cartoon_Texture_Pack/GRASS/GRASS_Dense/GRASS_Dense_Tint_01/Materials
  artifactKey: Guid(5d681353adac0074aa6e17cfb6fec5dd) Importer(815301076,1909f56bfc062723c751e8b465ee728b)
Start importing Assets/Cartoon_Texture_Pack/GRASS/GRASS_Dense/GRASS_Dense_Tint_01/Materials using Guid(5d681353adac0074aa6e17cfb6fec5dd) Importer(815301076,1909f56bfc062723c751e8b465ee728b)  -> (artifact id: 'ee6fff44d9d42d12d5e54f61d2f85bed') in 0.003284 seconds 
  Import took 0.010773 seconds .

========================================================================
Received Import Request.
  Time since last request: 0.076831 seconds.
  path: Assets/Cartoon_Texture_Pack/GRASS/GRASS_Dense/GRASS_Dense_Tint_01/Materials/Grass_Dense_Tint_01_Base_A.mat
  artifactKey: Guid(f9a94780aa94b7c4985400ab0bedcdbb) Importer(815301076,1909f56bfc062723c751e8b465ee728b)
Start importing Assets/Cartoon_Texture_Pack/GRASS/GRASS_Dense/GRASS_Dense_Tint_01/Materials/Grass_Dense_Tint_01_Base_A.mat using Guid(f9a94780aa94b7c4985400ab0bedcdbb) Importer(815301076,1909f56bfc062723c751e8b465ee728b)  -> (artifact id: '8a65f549fe252c915bf709a98d844b42') in 2.851488 seconds 
  Import took 2.863052 seconds .

========================================================================
Received Import Request.
  Time since last request: 1315.036239 seconds.
  path: Assets/Scripts/Addons/GameHighscoreUI.cs
  artifactKey: Guid(6ac978ccbb9866541b89e756c96a84ff) Importer(815301076,1909f56bfc062723c751e8b465ee728b)
Start importing Assets/Scripts/Addons/GameHighscoreUI.cs using Guid(6ac978ccbb9866541b89e756c96a84ff) Importer(815301076,1909f56bfc062723c751e8b465ee728b)  -> (artifact id: '3594bda027744f8e1f8ae31330e8696e') in 0.591374 seconds 
  Import took 0.629178 seconds .

========================================================================
Received Import Request.
  Time since last request: 0.006691 seconds.
  path: Assets/Scripts/Addons/GameLifeUI.cs
  artifactKey: Guid(1e2271fcf21dbdf47a36a0b126da30b3) Importer(815301076,1909f56bfc062723c751e8b465ee728b)
Start importing Assets/Scripts/Addons/GameLifeUI.cs using Guid(1e2271fcf21dbdf47a36a0b126da30b3) Importer(815301076,1909f56bfc062723c751e8b465ee728b)  -> (artifact id: '97983a46a0dd3d31a9b37e4b13003b5f') in 0.002162 seconds 
  Import took 0.009571 seconds .

========================================================================
Received Import Request.
  Time since last request: 0.784313 seconds.
  path: Assets/Scripts/Addons/GameScoreUI.cs
  artifactKey: Guid(5aa2d89e04fa83440907470763d9ca03) Importer(815301076,1909f56bfc062723c751e8b465ee728b)
Start importing Assets/Scripts/Addons/GameScoreUI.cs using Guid(5aa2d89e04fa83440907470763d9ca03) Importer(815301076,1909f56bfc062723c751e8b465ee728b)  -> (artifact id: 'bc6c3478b8d38e704bc6b8a1869ac492') in 0.001876 seconds 
  Import took 0.006599 seconds .

========================================================================
Received Import Request.
  Time since last request: 4.082755 seconds.
  path: Assets/Scripts/Addons/GameTimeLeftUI.cs
  artifactKey: Guid(6372d0a8601d1db47b2f3b2df7ff85ac) Importer(815301076,1909f56bfc062723c751e8b465ee728b)
Start importing Assets/Scripts/Addons/GameTimeLeftUI.cs using Guid(6372d0a8601d1db47b2f3b2df7ff85ac) Importer(815301076,1909f56bfc062723c751e8b465ee728b)  -> (artifact id: 'c99a52cbfc0b38b55764143496ebf971') in 0.003252 seconds 
  Import took 0.012504 seconds .

========================================================================
Received Import Request.
  Time since last request: 0.003218 seconds.
  path: Assets/Scripts/Addons/GameTimeLeftUI.cs
  artifactKey: Guid(6372d0a8601d1db47b2f3b2df7ff85ac) Importer(815301076,1909f56bfc062723c751e8b465ee728b)
Start importing Assets/Scripts/Addons/GameTimeLeftUI.cs using Guid(6372d0a8601d1db47b2f3b2df7ff85ac) Importer(815301076,1909f56bfc062723c751e8b465ee728b)  -> (artifact id: 'c99a52cbfc0b38b55764143496ebf971') in 0.002548 seconds 
  Import took 0.009821 seconds .

========================================================================
Received Import Request.
  Time since last request: 18.224976 seconds.
  path: Assets/Scenes/Level3.unity
  artifactKey: Guid(d4d422ea5051ff04e82df07447655b37) Importer(815301076,1909f56bfc062723c751e8b465ee728b)
Start importing Assets/Scenes/Level3.unity using Guid(d4d422ea5051ff04e82df07447655b37) Importer(815301076,1909f56bfc062723c751e8b465ee728b)  -> (artifact id: 'f1c2b4852bb1d90ac24867b7c2e9d993') in 0.044493 seconds 
  Import took 0.051906 seconds .

